<?xml version="1.0" encoding="UTF-8"?>
<dataset>
  <user id="1" first_name="Nicolas" email="nick@email.com" />
  <!--<customer_contact id="2" first_name="Elaine" email="elaine@myemail.com" />-->
  <!--<customer_contact id="3" first_name="Susan" email="susan@myemail.com" />-->
  <!--<customer_contact id="4" first_name="Bernard" email="bernard@myemail.com" />-->
</dataset>